<?xml version="1.0" encoding="UTF-8" ?>
<testsuite failures="0" time="0.009" errors="0" skipped="0" tests="1" name="org.kevoree.tools.kevoreegeneticpoc.AppTest">
  <properties>
    <property name="java.runtime.name" value="Java(TM) SE Runtime Environment"/>
    <property name="sun.boot.library.path" value="/System/Library/Java/JavaVirtualMachines/1.6.0.jdk/Contents/Libraries"/>
    <property name="java.vm.version" value="20.1-b02-384"/>
    <property name="awt.nativeDoubleBuffering" value="true"/>
    <property name="gopherProxySet" value="false"/>
    <property name="mrj.build" value="10M3425"/>
    <property name="java.vm.vendor" value="Apple Inc."/>
    <property name="java.vendor.url" value="http://www.apple.com/"/>
    <property name="path.separator" value=":"/>
    <property name="java.vm.name" value="Java HotSpot(TM) 64-Bit Server VM"/>
    <property name="file.encoding.pkg" value="sun.io"/>
    <property name="user.country" value="FR"/>
    <property name="sun.java.launcher" value="SUN_STANDARD"/>
    <property name="sun.os.patch.level" value="unknown"/>
    <property name="java.vm.specification.name" value="Java Virtual Machine Specification"/>
    <property name="user.dir" value="/Users/ffouquet/Documents/DEV/dukeboard_github/kevoree/kevoree-experiment/org.kevoree.experiment.smartForest"/>
    <property name="java.runtime.version" value="1.6.0_26-b03-384-10M3425"/>
    <property name="java.awt.graphicsenv" value="apple.awt.CGraphicsEnvironment"/>
    <property name="basedir" value="/Users/ffouquet/Documents/DEV/dukeboard_github/kevoree/kevoree-experiment/org.kevoree.experiment.smartForest"/>
    <property name="java.endorsed.dirs" value="/System/Library/Java/JavaVirtualMachines/1.6.0.jdk/Contents/Home/lib/endorsed"/>
    <property name="os.arch" value="x86_64"/>
    <property name="surefire.real.class.path" value="/Users/ffouquet/Documents/DEV/dukeboard_github/kevoree/kevoree-experiment/org.kevoree.experiment.smartForest/target/surefire/surefirebooter7394936138683739753.jar"/>
    <property name="java.io.tmpdir" value="/var/folders/Ba/BaM3d1ftEQmAmfHRSFKFwk+++TM/-Tmp-/"/>
    <property name="line.separator" value="
"/>
    <property name="java.vm.specification.vendor" value="Sun Microsystems Inc."/>
    <property name="os.name" value="Mac OS X"/>
    <property name="sun.jnu.encoding" value="MacRoman"/>
    <property name="java.library.path" value="/Applications/IntelliJ IDEA 10.app/Contents/Resources/Java:/System/Library/PrivateFrameworks/JavaApplicationLauncher.framework/Resources:.:/Users/ffouquet/Library/Java/Extensions:/Library/Java/Extensions:/System/Library/Java/Extensions:/usr/lib/java"/>
    <property name="surefire.test.class.path" value="/Users/ffouquet/Documents/DEV/dukeboard_github/kevoree/kevoree-experiment/org.kevoree.experiment.smartForest/target/test-classes:/Users/ffouquet/Documents/DEV/dukeboard_github/kevoree/kevoree-experiment/org.kevoree.experiment.smartForest/target/classes:/Users/ffouquet/.m2/repository/org/scala-lang/scala-library/2.9.0-1/scala-library-2.9.0-1.jar:/Users/ffouquet/.m2/repository/junit/junit/3.8.1/junit-3.8.1.jar:/Users/ffouquet/.m2/repository/org/kevoree/tools/org.kevoree.tools.marShell/1.2.0-SNAPSHOT/org.kevoree.tools.marShell-1.2.0-SNAPSHOT.jar:/Users/ffouquet/.m2/repository/org/kevoree/org.kevoree.model/1.2.0-SNAPSHOT/org.kevoree.model-1.2.0-SNAPSHOT.jar:/Users/ffouquet/.m2/repository/org/slf4j/slf4j-api/1.6.1/slf4j-api-1.6.1.jar:/Users/ffouquet/.m2/repository/org/kevoree/tools/org.kevoree.tools.marShellTransform/1.2.0-SNAPSHOT/org.kevoree.tools.marShellTransform-1.2.0-SNAPSHOT.jar:/Users/ffouquet/.m2/repository/org/kevoree/org.kevoree.adaptation.model/1.2.0-SNAPSHOT/org.kevoree.adaptation.model-1.2.0-SNAPSHOT.jar:/Users/ffouquet/.m2/repository/org/kevoree/tools/org.kevoree.tools.ui.editor/1.1.0-RC2/org.kevoree.tools.ui.editor-1.1.0-RC2.jar:/Users/ffouquet/.m2/repository/org/kevoree/tools/org.kevoree.tools.ui.framework/1.1.0-RC2/org.kevoree.tools.ui.framework-1.1.0-RC2.jar:/Users/ffouquet/.m2/repository/org/swinglabs/swingx/1.6.1/swingx-1.6.1.jar:/Users/ffouquet/.m2/repository/com/jhlabs/filters/2.0.235/filters-2.0.235.jar:/Users/ffouquet/.m2/repository/org/swinglabs/swing-worker/1.1/swing-worker-1.1.jar:/Users/ffouquet/.m2/repository/org/kevoree/org.kevoree.framework/1.1.0-RC2/org.kevoree.framework-1.1.0-RC2.jar:/Users/ffouquet/.m2/repository/org/osgi/org.osgi.compendium/4.2.0/org.osgi.compendium-4.2.0.jar:/Users/ffouquet/.m2/repository/org/kevoree/org.kevoree.merger/1.1.0-RC2/org.kevoree.merger-1.1.0-RC2.jar:/Users/ffouquet/.m2/repository/org/kevoree/org.kevoree.basechecker/1.1.0-RC2/org.kevoree.basechecker-1.1.0-RC2.jar:/Users/ffouquet/.m2/repository/jgrapht/jgrapht/0.8.2/jgrapht-0.8.2.jar:/Users/ffouquet/.m2/repository/jgraph/jgraph/0.8.2/jgraph-0.8.2.jar:/Users/ffouquet/.m2/repository/org/apache/felix/org.apache.felix.framework/3.2.0/org.apache.felix.framework-3.2.0.jar:/Users/ffouquet/.m2/repository/org/ops4j/pax/url/pax-url-mvn/1.3.2/pax-url-mvn-1.3.2.jar:/Users/ffouquet/.m2/repository/org/kevoree/tools/org.kevoree.tools.annotation.api/1.1.0-RC2/org.kevoree.tools.annotation.api-1.1.0-RC2.jar:/Users/ffouquet/.m2/repository/org/kevoree/tools/org.kevoree.tools.marShellGUI/1.1.0-RC2/org.kevoree.tools.marShellGUI-1.1.0-RC2.jar:/Users/ffouquet/.m2/repository/jsyntaxpane/jsyntaxpane/0.9.6/jsyntaxpane-0.9.6.jar:/Users/ffouquet/.m2/repository/ch/qos/logback/logback-core/0.9.24/logback-core-0.9.24.jar:/Users/ffouquet/.m2/repository/ch/qos/logback/logback-classic/0.9.24/logback-classic-0.9.24.jar:/Users/ffouquet/.m2/repository/org/kevoree/org.kevoree.kompare/1.2.0-SNAPSHOT/org.kevoree.kompare-1.2.0-SNAPSHOT.jar:/Users/ffouquet/.m2/repository/org/kevoree/org.kevoree.api/1.2.0-SNAPSHOT/org.kevoree.api-1.2.0-SNAPSHOT.jar:/Users/ffouquet/.m2/repository/org/osgi/org.osgi.core/4.2.0/org.osgi.core-4.2.0.jar:/Users/ffouquet/.m2/repository/org/kevoree/tools/org.kevoree.tools.dpa/1.2.0-SNAPSHOT/org.kevoree.tools.dpa-1.2.0-SNAPSHOT.jar:/Users/ffouquet/.m2/repository/org/kevoree/extra/org.kevoree.extra.ecj/20/org.kevoree.extra.ecj-20.jar:/Users/ffouquet/.m2/repository/org/kevoree/extra/org.kevoree.extra.emf.library/2.6.0/org.kevoree.extra.emf.library-2.6.0.jar:"/>
    <property name="java.specification.name" value="Java Platform API Specification"/>
    <property name="java.class.version" value="50.0"/>
    <property name="sun.management.compiler" value="HotSpot 64-Bit Tiered Compilers"/>
    <property name="os.version" value="10.6.8"/>
    <property name="http.nonProxyHosts" value="local|*.local|169.254/16|*.169.254/16"/>
    <property name="user.home" value="/Users/ffouquet"/>
    <property name="user.timezone" value=""/>
    <property name="java.awt.printerjob" value="apple.awt.CPrinterJob"/>
    <property name="java.specification.version" value="1.6"/>
    <property name="file.encoding" value="MacRoman"/>
    <property name="user.name" value="ffouquet"/>
    <property name="java.class.path" value="/Users/ffouquet/Documents/DEV/dukeboard_github/kevoree/kevoree-experiment/org.kevoree.experiment.smartForest/target/test-classes:/Users/ffouquet/Documents/DEV/dukeboard_github/kevoree/kevoree-experiment/org.kevoree.experiment.smartForest/target/classes:/Users/ffouquet/.m2/repository/org/scala-lang/scala-library/2.9.0-1/scala-library-2.9.0-1.jar:/Users/ffouquet/.m2/repository/junit/junit/3.8.1/junit-3.8.1.jar:/Users/ffouquet/.m2/repository/org/kevoree/tools/org.kevoree.tools.marShell/1.2.0-SNAPSHOT/org.kevoree.tools.marShell-1.2.0-SNAPSHOT.jar:/Users/ffouquet/.m2/repository/org/kevoree/org.kevoree.model/1.2.0-SNAPSHOT/org.kevoree.model-1.2.0-SNAPSHOT.jar:/Users/ffouquet/.m2/repository/org/slf4j/slf4j-api/1.6.1/slf4j-api-1.6.1.jar:/Users/ffouquet/.m2/repository/org/kevoree/tools/org.kevoree.tools.marShellTransform/1.2.0-SNAPSHOT/org.kevoree.tools.marShellTransform-1.2.0-SNAPSHOT.jar:/Users/ffouquet/.m2/repository/org/kevoree/org.kevoree.adaptation.model/1.2.0-SNAPSHOT/org.kevoree.adaptation.model-1.2.0-SNAPSHOT.jar:/Users/ffouquet/.m2/repository/org/kevoree/tools/org.kevoree.tools.ui.editor/1.1.0-RC2/org.kevoree.tools.ui.editor-1.1.0-RC2.jar:/Users/ffouquet/.m2/repository/org/kevoree/tools/org.kevoree.tools.ui.framework/1.1.0-RC2/org.kevoree.tools.ui.framework-1.1.0-RC2.jar:/Users/ffouquet/.m2/repository/org/swinglabs/swingx/1.6.1/swingx-1.6.1.jar:/Users/ffouquet/.m2/repository/com/jhlabs/filters/2.0.235/filters-2.0.235.jar:/Users/ffouquet/.m2/repository/org/swinglabs/swing-worker/1.1/swing-worker-1.1.jar:/Users/ffouquet/.m2/repository/org/kevoree/org.kevoree.framework/1.1.0-RC2/org.kevoree.framework-1.1.0-RC2.jar:/Users/ffouquet/.m2/repository/org/osgi/org.osgi.compendium/4.2.0/org.osgi.compendium-4.2.0.jar:/Users/ffouquet/.m2/repository/org/kevoree/org.kevoree.merger/1.1.0-RC2/org.kevoree.merger-1.1.0-RC2.jar:/Users/ffouquet/.m2/repository/org/kevoree/org.kevoree.basechecker/1.1.0-RC2/org.kevoree.basechecker-1.1.0-RC2.jar:/Users/ffouquet/.m2/repository/jgrapht/jgrapht/0.8.2/jgrapht-0.8.2.jar:/Users/ffouquet/.m2/repository/jgraph/jgraph/0.8.2/jgraph-0.8.2.jar:/Users/ffouquet/.m2/repository/org/apache/felix/org.apache.felix.framework/3.2.0/org.apache.felix.framework-3.2.0.jar:/Users/ffouquet/.m2/repository/org/ops4j/pax/url/pax-url-mvn/1.3.2/pax-url-mvn-1.3.2.jar:/Users/ffouquet/.m2/repository/org/kevoree/tools/org.kevoree.tools.annotation.api/1.1.0-RC2/org.kevoree.tools.annotation.api-1.1.0-RC2.jar:/Users/ffouquet/.m2/repository/org/kevoree/tools/org.kevoree.tools.marShellGUI/1.1.0-RC2/org.kevoree.tools.marShellGUI-1.1.0-RC2.jar:/Users/ffouquet/.m2/repository/jsyntaxpane/jsyntaxpane/0.9.6/jsyntaxpane-0.9.6.jar:/Users/ffouquet/.m2/repository/ch/qos/logback/logback-core/0.9.24/logback-core-0.9.24.jar:/Users/ffouquet/.m2/repository/ch/qos/logback/logback-classic/0.9.24/logback-classic-0.9.24.jar:/Users/ffouquet/.m2/repository/org/kevoree/org.kevoree.kompare/1.2.0-SNAPSHOT/org.kevoree.kompare-1.2.0-SNAPSHOT.jar:/Users/ffouquet/.m2/repository/org/kevoree/org.kevoree.api/1.2.0-SNAPSHOT/org.kevoree.api-1.2.0-SNAPSHOT.jar:/Users/ffouquet/.m2/repository/org/osgi/org.osgi.core/4.2.0/org.osgi.core-4.2.0.jar:/Users/ffouquet/.m2/repository/org/kevoree/tools/org.kevoree.tools.dpa/1.2.0-SNAPSHOT/org.kevoree.tools.dpa-1.2.0-SNAPSHOT.jar:/Users/ffouquet/.m2/repository/org/kevoree/extra/org.kevoree.extra.ecj/20/org.kevoree.extra.ecj-20.jar:/Users/ffouquet/.m2/repository/org/kevoree/extra/org.kevoree.extra.emf.library/2.6.0/org.kevoree.extra.emf.library-2.6.0.jar:"/>
    <property name="java.vm.specification.version" value="1.0"/>
    <property name="sun.arch.data.model" value="64"/>
    <property name="java.home" value="/System/Library/Java/JavaVirtualMachines/1.6.0.jdk/Contents/Home"/>
    <property name="sun.java.command" value="/Users/ffouquet/Documents/DEV/dukeboard_github/kevoree/kevoree-experiment/org.kevoree.experiment.smartForest/target/surefire/surefirebooter7394936138683739753.jar /Users/ffouquet/Documents/DEV/dukeboard_github/kevoree/kevoree-experiment/org.kevoree.experiment.smartForest/target/surefire/surefire3938021526883336230tmp /Users/ffouquet/Documents/DEV/dukeboard_github/kevoree/kevoree-experiment/org.kevoree.experiment.smartForest/target/surefire/surefire7029750997282865985tmp"/>
    <property name="java.specification.vendor" value="Sun Microsystems Inc."/>
    <property name="user.language" value="fr"/>
    <property name="awt.toolkit" value="apple.awt.CToolkit"/>
    <property name="java.vm.info" value="mixed mode"/>
    <property name="java.version" value="1.6.0_26"/>
    <property name="java.ext.dirs" value="/Users/ffouquet/Library/Java/Extensions:/Library/Java/Extensions:/System/Library/Java/Extensions:/System/Library/Java/JavaVirtualMachines/1.6.0.jdk/Contents/Home/lib/ext"/>
    <property name="sun.boot.class.path" value="/System/Library/Java/JavaVirtualMachines/1.6.0.jdk/Contents/Classes/jsfd.jar:/System/Library/Java/JavaVirtualMachines/1.6.0.jdk/Contents/Classes/classes.jar:/System/Library/Frameworks/JavaVM.framework/Frameworks/JavaRuntimeSupport.framework/Resources/Java/JavaRuntimeSupport.jar:/System/Library/Java/JavaVirtualMachines/1.6.0.jdk/Contents/Classes/ui.jar:/System/Library/Java/JavaVirtualMachines/1.6.0.jdk/Contents/Classes/laf.jar:/System/Library/Java/JavaVirtualMachines/1.6.0.jdk/Contents/Classes/sunrsasign.jar:/System/Library/Java/JavaVirtualMachines/1.6.0.jdk/Contents/Classes/jsse.jar:/System/Library/Java/JavaVirtualMachines/1.6.0.jdk/Contents/Classes/jce.jar:/System/Library/Java/JavaVirtualMachines/1.6.0.jdk/Contents/Classes/charsets.jar"/>
    <property name="java.vendor" value="Apple Inc."/>
    <property name="localRepository" value="/Users/ffouquet/.m2/repository"/>
    <property name="file.separator" value="/"/>
    <property name="java.vendor.url.bug" value="http://bugreport.apple.com/"/>
    <property name="sun.cpu.endian" value="little"/>
    <property name="sun.io.unicode.encoding" value="UnicodeLittle"/>
    <property name="mrj.version" value="1060.1.6.0_26-384"/>
    <property name="socksNonProxyHosts" value="local|*.local|169.254/16|*.169.254/16"/>
    <property name="ftp.nonProxyHosts" value="local|*.local|169.254/16|*.169.254/16"/>
    <property name="sun.cpu.isalist" value=""/>
  </properties>
  <testcase time="0.001" classname="org.kevoree.tools.kevoreegeneticpoc.AppTest" name="testApp"/>
</testsuite>